[0.437s] Invoking command in '/home/magnetic/ros-demonstration/ros2_ws/src/my_robot_controller': PYTHONPATH=/home/magnetic/ros-demonstration/ros2_ws/build/my_robot_controller/prefix_override:/home/magnetic/.local/lib/python3.10/site-packages/colcon_core/task/python/colcon_distutils_commands:/home/magnetic/ros-demonstration/ros2_ws/install/my_robot_controller/lib/python3.10/site-packages:${PYTHONPATH} /usr/bin/python3 -W ignore:setup.py install is deprecated setup.py egg_info --egg-base ../../build/my_robot_controller build --build-base /home/magnetic/ros-demonstration/ros2_ws/build/my_robot_controller/build install --record /home/magnetic/ros-demonstration/ros2_ws/build/my_robot_controller/install.log --single-version-externally-managed install_data
[0.574s] running egg_info
[0.582s] writing ../../build/my_robot_controller/my_robot_controller.egg-info/PKG-INFO
[0.582s] writing dependency_links to ../../build/my_robot_controller/my_robot_controller.egg-info/dependency_links.txt
[0.582s] writing entry points to ../../build/my_robot_controller/my_robot_controller.egg-info/entry_points.txt
[0.582s] writing requirements to ../../build/my_robot_controller/my_robot_controller.egg-info/requires.txt
[0.582s] writing top-level names to ../../build/my_robot_controller/my_robot_controller.egg-info/top_level.txt
[0.599s] reading manifest file '../../build/my_robot_controller/my_robot_controller.egg-info/SOURCES.txt'
[0.599s] writing manifest file '../../build/my_robot_controller/my_robot_controller.egg-info/SOURCES.txt'
[0.599s] running build
[0.599s] running build_py
[0.599s] copying my_robot_controller/my_first_node.py -> /home/magnetic/ros-demonstration/ros2_ws/build/my_robot_controller/build/lib/my_robot_controller
[0.600s] copying my_robot_controller/__init__.py -> /home/magnetic/ros-demonstration/ros2_ws/build/my_robot_controller/build/lib/my_robot_controller
[0.600s] running install
[0.602s] running install_lib
[0.610s] running install_data
[0.610s] copying resource/my_robot_controller -> /home/magnetic/ros-demonstration/ros2_ws/install/my_robot_controller/share/ament_index/resource_index/packages
[0.610s] copying package.xml -> /home/magnetic/ros-demonstration/ros2_ws/install/my_robot_controller/share/my_robot_controller
[0.611s] running install_egg_info
[0.619s] removing '/home/magnetic/ros-demonstration/ros2_ws/install/my_robot_controller/lib/python3.10/site-packages/my_robot_controller-0.0.0-py3.10.egg-info' (and everything under it)
[0.619s] Copying ../../build/my_robot_controller/my_robot_controller.egg-info to /home/magnetic/ros-demonstration/ros2_ws/install/my_robot_controller/lib/python3.10/site-packages/my_robot_controller-0.0.0-py3.10.egg-info
[0.620s] running install_scripts
[0.695s] Installing test_node script to /home/magnetic/ros-demonstration/ros2_ws/install/my_robot_controller/lib/my_robot_controller
[0.696s] writing list of installed files to '/home/magnetic/ros-demonstration/ros2_ws/build/my_robot_controller/install.log'
[0.711s] Invoked command in '/home/magnetic/ros-demonstration/ros2_ws/src/my_robot_controller' returned '0': PYTHONPATH=/home/magnetic/ros-demonstration/ros2_ws/build/my_robot_controller/prefix_override:/home/magnetic/.local/lib/python3.10/site-packages/colcon_core/task/python/colcon_distutils_commands:/home/magnetic/ros-demonstration/ros2_ws/install/my_robot_controller/lib/python3.10/site-packages:${PYTHONPATH} /usr/bin/python3 -W ignore:setup.py install is deprecated setup.py egg_info --egg-base ../../build/my_robot_controller build --build-base /home/magnetic/ros-demonstration/ros2_ws/build/my_robot_controller/build install --record /home/magnetic/ros-demonstration/ros2_ws/build/my_robot_controller/install.log --single-version-externally-managed install_data
