[0.433s] Invoking command in '/home/magnetic/ros-demonstration/ros2_ws/src/my_robot_controller': PYTHONPATH=/home/magnetic/ros-demonstration/ros2_ws/build/my_robot_controller/prefix_override:/home/magnetic/.local/lib/python3.10/site-packages/colcon_core/task/python/colcon_distutils_commands:/home/magnetic/ros-demonstration/ros2_ws/install/my_robot_controller/lib/python3.10/site-packages:${PYTHONPATH} /usr/bin/python3 -W ignore:setup.py install is deprecated setup.py egg_info --egg-base ../../build/my_robot_controller build --build-base /home/magnetic/ros-demonstration/ros2_ws/build/my_robot_controller/build install --record /home/magnetic/ros-demonstration/ros2_ws/build/my_robot_controller/install.log --single-version-externally-managed install_data
[0.615s] running egg_info
[0.625s] writing ../../build/my_robot_controller/my_robot_controller.egg-info/PKG-INFO
[0.626s] writing dependency_links to ../../build/my_robot_controller/my_robot_controller.egg-info/dependency_links.txt
[0.626s] writing requirements to ../../build/my_robot_controller/my_robot_controller.egg-info/requires.txt
[0.626s] writing top-level names to ../../build/my_robot_controller/my_robot_controller.egg-info/top_level.txt
[0.650s] reading manifest file '../../build/my_robot_controller/my_robot_controller.egg-info/SOURCES.txt'
[0.651s] writing manifest file '../../build/my_robot_controller/my_robot_controller.egg-info/SOURCES.txt'
[0.651s] running build
[0.651s] running build_py
[0.651s] copying my_robot_controller/my_first_node.py -> /home/magnetic/ros-demonstration/ros2_ws/build/my_robot_controller/build/lib/my_robot_controller
[0.651s] copying my_robot_controller/__init__.py -> /home/magnetic/ros-demonstration/ros2_ws/build/my_robot_controller/build/lib/my_robot_controller
[0.651s] running install
[0.654s] running install_lib
[0.666s] copying /home/magnetic/ros-demonstration/ros2_ws/build/my_robot_controller/build/lib/my_robot_controller/my_first_node.py -> /home/magnetic/ros-demonstration/ros2_ws/install/my_robot_controller/lib/python3.10/site-packages/my_robot_controller
[0.666s] byte-compiling /home/magnetic/ros-demonstration/ros2_ws/install/my_robot_controller/lib/python3.10/site-packages/my_robot_controller/my_first_node.py to my_first_node.cpython-310.pyc
[0.666s] running install_data
[0.666s] copying resource/my_robot_controller -> /home/magnetic/ros-demonstration/ros2_ws/install/my_robot_controller/share/ament_index/resource_index/packages
[0.666s] copying package.xml -> /home/magnetic/ros-demonstration/ros2_ws/install/my_robot_controller/share/my_robot_controller
[0.666s] running install_egg_info
[0.678s] removing '/home/magnetic/ros-demonstration/ros2_ws/install/my_robot_controller/lib/python3.10/site-packages/my_robot_controller-0.0.0-py3.10.egg-info' (and everything under it)
[0.678s] Copying ../../build/my_robot_controller/my_robot_controller.egg-info to /home/magnetic/ros-demonstration/ros2_ws/install/my_robot_controller/lib/python3.10/site-packages/my_robot_controller-0.0.0-py3.10.egg-info
[0.678s] running install_scripts
[0.778s] writing list of installed files to '/home/magnetic/ros-demonstration/ros2_ws/build/my_robot_controller/install.log'
[0.797s] Invoked command in '/home/magnetic/ros-demonstration/ros2_ws/src/my_robot_controller' returned '0': PYTHONPATH=/home/magnetic/ros-demonstration/ros2_ws/build/my_robot_controller/prefix_override:/home/magnetic/.local/lib/python3.10/site-packages/colcon_core/task/python/colcon_distutils_commands:/home/magnetic/ros-demonstration/ros2_ws/install/my_robot_controller/lib/python3.10/site-packages:${PYTHONPATH} /usr/bin/python3 -W ignore:setup.py install is deprecated setup.py egg_info --egg-base ../../build/my_robot_controller build --build-base /home/magnetic/ros-demonstration/ros2_ws/build/my_robot_controller/build install --record /home/magnetic/ros-demonstration/ros2_ws/build/my_robot_controller/install.log --single-version-externally-managed install_data
